0 info it worked if it ends with ok
1 verbose cli [ '/Users/brandonpatterson/.nvm/versions/node/v6.2.2/bin/node',
1 verbose cli   '/Users/brandonpatterson/.nvm/versions/node/v6.2.2/bin/npm',
1 verbose cli   'install',
1 verbose cli   'lodash/cloneDeep',
1 verbose cli   '-S' ]
2 info using npm@3.10.5
3 info using node@v6.2.2
4 silly loadCurrentTree Starting
5 silly install loadCurrentTree
6 silly install readLocalPackageData
7 silly fetchPackageMetaData lodash/cloneDeep
8 silly fetchOtherPackageData lodash/cloneDeep
9 silly cache add args [ 'lodash/cloneDeep', null ]
10 verbose cache add spec lodash/cloneDeep
11 silly cache add parsed spec Result {
11 silly cache add   raw: 'lodash/cloneDeep',
11 silly cache add   scope: null,
11 silly cache add   escapedName: null,
11 silly cache add   name: null,
11 silly cache add   rawSpec: 'lodash/cloneDeep',
11 silly cache add   spec: 'github:lodash/cloneDeep',
11 silly cache add   type: 'hosted',
11 silly cache add   hosted:
11 silly cache add    { type: 'github',
11 silly cache add      ssh: 'git@github.com:lodash/cloneDeep.git',
11 silly cache add      sshUrl: 'git+ssh://git@github.com/lodash/cloneDeep.git',
11 silly cache add      httpsUrl: 'git+https://github.com/lodash/cloneDeep.git',
11 silly cache add      gitUrl: 'git://github.com/lodash/cloneDeep.git',
11 silly cache add      shortcut: 'github:lodash/cloneDeep',
11 silly cache add      directUrl: 'https://raw.githubusercontent.com/lodash/cloneDeep/master/package.json' } }
12 verbose addRemoteGit caching lodash/cloneDeep
13 verbose addRemoteGit lodash/cloneDeep is a repository hosted by github
14 silly tryGitProto attempting to clone git://github.com/lodash/cloneDeep.git
15 silly tryClone cloning lodash/cloneDeep via git://github.com/lodash/cloneDeep.git
16 verbose tryClone git-github-com-lodash-cloneDeep-git-66e485aa not in flight; caching
17 verbose correctMkdir /Users/brandonpatterson/.npm/_git-remotes correctMkdir not in flight; initializing
18 info git [ 'clone',
18 info git   '--template=/Users/brandonpatterson/.npm/_git-remotes/_templates',
18 info git   '--mirror',
18 info git   'git://github.com/lodash/cloneDeep.git',
18 info git   '/Users/brandonpatterson/.npm/_git-remotes/git-github-com-lodash-cloneDeep-git-66e485aa' ]
19 verbose git clone --template=/Users/brandonpatterson/.npm/_git-remotes/_templates --mirror git://github.com/lodash/cloneDeep.git /Users/brandonpatterson/.npm/_git-remotes/git-github-com-lodash-cloneDeep-git-66e485aa: Cloning into bare repository '/Users/brandonpatterson/.npm/_git-remotes/git-github-com-lodash-cloneDeep-git-66e485aa'...
19 verbose git clone --template=/Users/brandonpatterson/.npm/_git-remotes/_templates --mirror git://github.com/lodash/cloneDeep.git /Users/brandonpatterson/.npm/_git-remotes/git-github-com-lodash-cloneDeep-git-66e485aa: fatal: remote error:
19 verbose git clone --template=/Users/brandonpatterson/.npm/_git-remotes/_templates --mirror git://github.com/lodash/cloneDeep.git /Users/brandonpatterson/.npm/_git-remotes/git-github-com-lodash-cloneDeep-git-66e485aa:   Repository not found.
20 silly tryHTTPS attempting to clone git+https://github.com/lodash/cloneDeep.git
21 silly tryClone cloning lodash/cloneDeep via git+https://github.com/lodash/cloneDeep.git
22 verbose tryClone git-https-github-com-lodash-cloneDeep-git-9d31c21a not in flight; caching
23 verbose correctMkdir /Users/brandonpatterson/.npm/_git-remotes correctMkdir not in flight; initializing
24 info git [ 'clone',
24 info git   '--template=/Users/brandonpatterson/.npm/_git-remotes/_templates',
24 info git   '--mirror',
24 info git   'https://github.com/lodash/cloneDeep.git',
24 info git   '/Users/brandonpatterson/.npm/_git-remotes/git-https-github-com-lodash-cloneDeep-git-9d31c21a' ]
25 verbose git clone --template=/Users/brandonpatterson/.npm/_git-remotes/_templates --mirror https://github.com/lodash/cloneDeep.git /Users/brandonpatterson/.npm/_git-remotes/git-https-github-com-lodash-cloneDeep-git-9d31c21a: Cloning into bare repository '/Users/brandonpatterson/.npm/_git-remotes/git-https-github-com-lodash-cloneDeep-git-9d31c21a'...
25 verbose git clone --template=/Users/brandonpatterson/.npm/_git-remotes/_templates --mirror https://github.com/lodash/cloneDeep.git /Users/brandonpatterson/.npm/_git-remotes/git-https-github-com-lodash-cloneDeep-git-9d31c21a: remote: Repository not found.
25 verbose git clone --template=/Users/brandonpatterson/.npm/_git-remotes/_templates --mirror https://github.com/lodash/cloneDeep.git /Users/brandonpatterson/.npm/_git-remotes/git-https-github-com-lodash-cloneDeep-git-9d31c21a: fatal: repository 'https://github.com/lodash/cloneDeep.git/' not found
26 silly trySSH attempting to clone git@github.com:lodash/cloneDeep.git
27 silly tryClone cloning lodash/cloneDeep via git@github.com:lodash/cloneDeep.git
28 verbose tryClone git-github-com-lodash-cloneDeep-git-f5b9da72 not in flight; caching
29 verbose correctMkdir /Users/brandonpatterson/.npm/_git-remotes correctMkdir not in flight; initializing
30 info git [ 'clone',
30 info git   '--template=/Users/brandonpatterson/.npm/_git-remotes/_templates',
30 info git   '--mirror',
30 info git   'git@github.com:lodash/cloneDeep.git',
30 info git   '/Users/brandonpatterson/.npm/_git-remotes/git-github-com-lodash-cloneDeep-git-f5b9da72' ]
31 error git clone --template=/Users/brandonpatterson/.npm/_git-remotes/_templates --mirror git@github.com:lodash/cloneDeep.git /Users/brandonpatterson/.npm/_git-remotes/git-github-com-lodash-cloneDeep-git-f5b9da72: Cloning into bare repository '/Users/brandonpatterson/.npm/_git-remotes/git-github-com-lodash-cloneDeep-git-f5b9da72'...
31 error git clone --template=/Users/brandonpatterson/.npm/_git-remotes/_templates --mirror git@github.com:lodash/cloneDeep.git /Users/brandonpatterson/.npm/_git-remotes/git-github-com-lodash-cloneDeep-git-f5b9da72: Permission denied (publickey).
31 error git clone --template=/Users/brandonpatterson/.npm/_git-remotes/_templates --mirror git@github.com:lodash/cloneDeep.git /Users/brandonpatterson/.npm/_git-remotes/git-github-com-lodash-cloneDeep-git-f5b9da72: fatal: Could not read from remote repository.
31 error git clone --template=/Users/brandonpatterson/.npm/_git-remotes/_templates --mirror git@github.com:lodash/cloneDeep.git /Users/brandonpatterson/.npm/_git-remotes/git-github-com-lodash-cloneDeep-git-f5b9da72:
31 error git clone --template=/Users/brandonpatterson/.npm/_git-remotes/_templates --mirror git@github.com:lodash/cloneDeep.git /Users/brandonpatterson/.npm/_git-remotes/git-github-com-lodash-cloneDeep-git-f5b9da72: Please make sure you have the correct access rights
31 error git clone --template=/Users/brandonpatterson/.npm/_git-remotes/_templates --mirror git@github.com:lodash/cloneDeep.git /Users/brandonpatterson/.npm/_git-remotes/git-github-com-lodash-cloneDeep-git-f5b9da72: and the repository exists.
32 silly fetchPackageMetaData Error: Command failed: git clone --template=/Users/brandonpatterson/.npm/_git-remotes/_templates --mirror git@github.com:lodash/cloneDeep.git /Users/brandonpatterson/.npm/_git-remotes/git-github-com-lodash-cloneDeep-git-f5b9da72
32 silly fetchPackageMetaData Cloning into bare repository '/Users/brandonpatterson/.npm/_git-remotes/git-github-com-lodash-cloneDeep-git-f5b9da72'...
32 silly fetchPackageMetaData Permission denied (publickey).
32 silly fetchPackageMetaData fatal: Could not read from remote repository.
32 silly fetchPackageMetaData
32 silly fetchPackageMetaData Please make sure you have the correct access rights
32 silly fetchPackageMetaData and the repository exists.
32 silly fetchPackageMetaData
32 silly fetchPackageMetaData     at ChildProcess.exithandler (child_process.js:207:12)
32 silly fetchPackageMetaData     at emitTwo (events.js:106:13)
32 silly fetchPackageMetaData     at ChildProcess.emit (events.js:191:7)
32 silly fetchPackageMetaData     at maybeClose (internal/child_process.js:852:16)
32 silly fetchPackageMetaData     at Process.ChildProcess._handle.onexit (internal/child_process.js:215:5)
32 silly fetchPackageMetaData  error for lodash/cloneDeep { Error: Command failed: git clone --template=/Users/brandonpatterson/.npm/_git-remotes/_templates --mirror git@github.com:lodash/cloneDeep.git /Users/brandonpatterson/.npm/_git-remotes/git-github-com-lodash-cloneDeep-git-f5b9da72
32 silly fetchPackageMetaData Cloning into bare repository '/Users/brandonpatterson/.npm/_git-remotes/git-github-com-lodash-cloneDeep-git-f5b9da72'...
32 silly fetchPackageMetaData Permission denied (publickey).
32 silly fetchPackageMetaData fatal: Could not read from remote repository.
32 silly fetchPackageMetaData
32 silly fetchPackageMetaData Please make sure you have the correct access rights
32 silly fetchPackageMetaData and the repository exists.
32 silly fetchPackageMetaData
32 silly fetchPackageMetaData     at ChildProcess.exithandler (child_process.js:207:12)
32 silly fetchPackageMetaData     at emitTwo (events.js:106:13)
32 silly fetchPackageMetaData     at ChildProcess.emit (events.js:191:7)
32 silly fetchPackageMetaData     at maybeClose (internal/child_process.js:852:16)
32 silly fetchPackageMetaData     at Process.ChildProcess._handle.onexit (internal/child_process.js:215:5)
32 silly fetchPackageMetaData   killed: false,
32 silly fetchPackageMetaData   code: 128,
32 silly fetchPackageMetaData   signal: null,
32 silly fetchPackageMetaData   cmd: 'git clone --template=/Users/brandonpatterson/.npm/_git-remotes/_templates --mirror git@github.com:lodash/cloneDeep.git /Users/brandonpatterson/.npm/_git-remotes/git-github-com-lodash-cloneDeep-git-f5b9da72' }
33 silly rollbackFailedOptional Starting
34 silly rollbackFailedOptional Finishing
35 silly runTopLevelLifecycles Starting
36 silly runTopLevelLifecycles Finishing
37 silly install printInstalled
38 verbose stack Error: Command failed: git clone --template=/Users/brandonpatterson/.npm/_git-remotes/_templates --mirror git@github.com:lodash/cloneDeep.git /Users/brandonpatterson/.npm/_git-remotes/git-github-com-lodash-cloneDeep-git-f5b9da72
38 verbose stack Cloning into bare repository '/Users/brandonpatterson/.npm/_git-remotes/git-github-com-lodash-cloneDeep-git-f5b9da72'...
38 verbose stack Permission denied (publickey).
38 verbose stack fatal: Could not read from remote repository.
38 verbose stack
38 verbose stack Please make sure you have the correct access rights
38 verbose stack and the repository exists.
38 verbose stack
38 verbose stack     at ChildProcess.exithandler (child_process.js:207:12)
38 verbose stack     at emitTwo (events.js:106:13)
38 verbose stack     at ChildProcess.emit (events.js:191:7)
38 verbose stack     at maybeClose (internal/child_process.js:852:16)
38 verbose stack     at Process.ChildProcess._handle.onexit (internal/child_process.js:215:5)
39 verbose cwd /Users/brandonpatterson/c/Lauren
40 error Darwin 15.6.0
41 error argv "/Users/brandonpatterson/.nvm/versions/node/v6.2.2/bin/node" "/Users/brandonpatterson/.nvm/versions/node/v6.2.2/bin/npm" "install" "lodash/cloneDeep" "-S"
42 error node v6.2.2
43 error npm  v3.10.5
44 error code 128
45 error Command failed: git clone --template=/Users/brandonpatterson/.npm/_git-remotes/_templates --mirror git@github.com:lodash/cloneDeep.git /Users/brandonpatterson/.npm/_git-remotes/git-github-com-lodash-cloneDeep-git-f5b9da72
45 error Cloning into bare repository '/Users/brandonpatterson/.npm/_git-remotes/git-github-com-lodash-cloneDeep-git-f5b9da72'...
45 error Permission denied (publickey).
45 error fatal: Could not read from remote repository.
45 error
45 error Please make sure you have the correct access rights
45 error and the repository exists.
46 error If you need help, you may report this error at:
46 error     <https://github.com/npm/npm/issues>
47 verbose exit [ 1, true ]
